[debug] [2022-08-22T08:25:50.159Z] ----------------------------------------------------------------------
[debug] [2022-08-22T08:25:50.160Z] Command:       C:\Program Files\nodejs\node.exe C:\Users\eloui\AppData\Roaming\npm\node_modules\firebase-tools\lib\bin\firebase.js init
[debug] [2022-08-22T08:25:50.161Z] CLI Version:   11.7.0
[debug] [2022-08-22T08:25:50.161Z] Platform:      win32
[debug] [2022-08-22T08:25:50.161Z] Node Version:  v16.14.2
[debug] [2022-08-22T08:25:50.161Z] Time:          Mon Aug 22 2022 10:25:50 GMT+0200 (South Africa Standard Time)
[debug] [2022-08-22T08:25:50.162Z] ----------------------------------------------------------------------
[debug] 
[debug] [2022-08-22T08:25:50.167Z] > command requires scopes: ["email","openid","https://www.googleapis.com/auth/cloudplatformprojects.readonly","https://www.googleapis.com/auth/firebase","https://www.googleapis.com/auth/cloud-platform"]
[debug] [2022-08-22T08:25:50.167Z] > authorizing via signed-in user (elouisevb@gmail.com)
[info] 
     ######## #### ########  ######## ########     ###     ######  ########
     ##        ##  ##     ## ##       ##     ##  ##   ##  ##       ##
     ######    ##  ########  ######   ########  #########  ######  ######
     ##        ##  ##    ##  ##       ##     ## ##     ##       ## ##
     ##       #### ##     ## ######## ########  ##     ##  ######  ########

You're about to initialize a Firebase project in this directory:

  C:\Users\eloui\Downloads\Scandiweb-JuniorTest

[info] 
=== Project Setup
[info] 
[info] First, let's associate this project directory with a Firebase project.
[info] You can create multiple project aliases by running firebase use --add, 
[info] but for now we'll just set up a default project.
[info] 
[debug] [2022-08-22T08:26:59.835Z] >>> [apiv2][query] GET https://firebase.googleapis.com/v1beta1/projects pageSize=100
[debug] [2022-08-22T08:27:00.645Z] <<< [apiv2][status] GET https://firebase.googleapis.com/v1beta1/projects 200
[debug] [2022-08-22T08:27:00.645Z] <<< [apiv2][body] GET https://firebase.googleapis.com/v1beta1/projects [omitted]
[info] i  Using project scandiweb-junior (Scandiweb-Junior) 
[info] 
=== Hosting Setup
[info] 
[info] Your public directory is the folder (relative to your project directory) that
[info] will contain Hosting assets to be uploaded with firebase deploy. If you
[info] have a build process for your assets, use your build's output directory.
[info] 
[debug] [2022-08-22T08:27:32.034Z] >>> [apiv2][query] GET https://www.gstatic.com/firebasejs/releases.json [none]
[debug] [2022-08-22T08:27:32.655Z] <<< [apiv2][status] GET https://www.gstatic.com/firebasejs/releases.json 200
[debug] [2022-08-22T08:27:32.655Z] <<< [apiv2][body] GET https://www.gstatic.com/firebasejs/releases.json {"current":{"version":"9.9.3","browserURL":"https://www.gstatic.com/firebasejs/9.9.3/firebase.js","packageURL":"https://www.gstatic.com/firebasejs/9.9.3/firebase.tgz"},"live":{"version":"9.9","browserURL":"https://www.gstatic.com/firebasejs/live/9.9/firebase.js","packageURL":"https://www.gstatic.com/firebasejs/live/9.9/firebase.tgz"},"components":{"analytics":"https://www.gstatic.com/firebasejs/9.9.3/firebase-analytics.js","app":"https://www.gstatic.com/firebasejs/9.9.3/firebase-app.js","app-check":"https://www.gstatic.com/firebasejs/9.9.3/firebase-app-check.js","auth":"https://www.gstatic.com/firebasejs/9.9.3/firebase-auth.js","auth/cordova":"https://www.gstatic.com/firebasejs/9.9.3/firebase-auth/cordova.js","auth/react-native":"https://www.gstatic.com/firebasejs/9.9.3/firebase-auth/react-native.js","functions":"https://www.gstatic.com/firebasejs/9.9.3/firebase-functions.js","firestore":"https://www.gstatic.com/firebasejs/9.9.3/firebase-firestore.js","firestore/lite":"https://www.gstatic.com/firebasejs/9.9.3/firebase-firestore/lite.js","installations":"https://www.gstatic.com/firebasejs/9.9.3/firebase-installations.js","storage":"https://www.gstatic.com/firebasejs/9.9.3/firebase-storage.js","performance":"https://www.gstatic.com/firebasejs/9.9.3/firebase-performance.js","remote-config":"https://www.gstatic.com/firebasejs/9.9.3/firebase-remote-config.js","messaging":"https://www.gstatic.com/firebasejs/9.9.3/firebase-messaging.js","messaging/sw":"https://www.gstatic.com/firebasejs/9.9.3/firebase-messaging/sw.js","database":"https://www.gstatic.com/firebasejs/9.9.3/firebase-database.js","firestore.memory":"https://www.gstatic.com/firebasejs/9.9.3/firebase-firestore.memory.js"}}
[info] +  Wrote index.html/index.html 
[info] 
[info] i  Didn't detect a .git folder. Assuming C:\Users\eloui\Downloads\Scandiweb-JuniorTest is the project root. 
[info] i  Authorizing with GitHub to upload your service account to a GitHub repository's secrets store. 
[info] 
[info] Visit this URL on this device to log in:
[info] https://github.com/login/oauth/authorize?client_id=89cf50f02ac6aaed3484&state=206004782&redirect_uri=http%3A%2F%2Flocalhost%3A9005&scope=read%3Auser%20repo%20public_repo
[info] 
[info] Waiting for authentication...
[debug] [2022-08-22T08:27:41.828Z] >>> [apiv2][query] POST https://github.com/login/oauth/access_token [none]
[debug] [2022-08-22T08:27:41.828Z] >>> [apiv2][body] POST https://github.com/login/oauth/access_token [stream]
[debug] [2022-08-22T08:27:42.577Z] <<< [apiv2][status] POST https://github.com/login/oauth/access_token 200
[debug] [2022-08-22T08:27:42.577Z] <<< [apiv2][body] POST https://github.com/login/oauth/access_token {"access_token":"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","token_type":"bearer","scope":"read:user,repo"}
[debug] [2022-08-22T08:27:42.582Z] >>> [apiv2][query] GET https://api.github.com/user [none]
[debug] [2022-08-22T08:27:43.738Z] <<< [apiv2][status] GET https://api.github.com/user 200
[debug] [2022-08-22T08:27:43.738Z] <<< [apiv2][body] GET https://api.github.com/user {"login":"Elo2bear","id":94161006,"node_id":"U_kgDOBZzIbg","avatar_url":"https://avatars.githubusercontent.com/u/94161006?v=4","gravatar_id":"","url":"https://api.github.com/users/Elo2bear","html_url":"https://github.com/Elo2bear","followers_url":"https://api.github.com/users/Elo2bear/followers","following_url":"https://api.github.com/users/Elo2bear/following{/other_user}","gists_url":"https://api.github.com/users/Elo2bear/gists{/gist_id}","starred_url":"https://api.github.com/users/Elo2bear/starred{/owner}{/repo}","subscriptions_url":"https://api.github.com/users/Elo2bear/subscriptions","organizations_url":"https://api.github.com/users/Elo2bear/orgs","repos_url":"https://api.github.com/users/Elo2bear/repos","events_url":"https://api.github.com/users/Elo2bear/events{/privacy}","received_events_url":"https://api.github.com/users/Elo2bear/received_events","type":"User","site_admin":false,"name":"Elouise (Elo2bear)","company":null,"blog":"https://elo2bear.com","location":"South Africa","email":"elouisevb@gmail.com","hireable":null,"bio":"Programmer by day.Superhero by night!\r\n\r\nWith a background in Marketing and design. I make dreams come to life with code.\r\n","twitter_username":"elobearcode","public_repos":59,"public_gists":0,"followers":1,"following":4,"created_at":"2021-11-12T06:21:13Z","updated_at":"2022-08-22T06:19:35Z","private_gists":0,"total_private_repos":0,"owned_private_repos":0,"disk_usage":34070,"collaborators":0,"two_factor_authentication":false,"plan":{"name":"free","space":976562499,"collaborators":0,"private_repos":10000}}
[info] 
[info] +  Success! Logged into GitHub as Elo2bear 
[info] 
[debug] [2022-08-22T08:29:11.791Z] >>> [apiv2][query] GET https://api.github.com/repos/Elo2bear/Scandiweb-juniortest/actions/secrets/public-key type=owner
[debug] [2022-08-22T08:29:12.531Z] <<< [apiv2][status] GET https://api.github.com/repos/Elo2bear/Scandiweb-juniortest/actions/secrets/public-key 404
[debug] [2022-08-22T08:29:12.532Z] <<< [apiv2][body] GET https://api.github.com/repos/Elo2bear/Scandiweb-juniortest/actions/secrets/public-key {"message":"Not Found","documentation_url":"https://docs.github.com/rest/reference/actions#get-a-repository-public-key"}
[debug] [2022-08-22T08:29:30.647Z] >>> [apiv2][query] GET https://api.github.com/repos/Elo2bear/Scandiweb-juniortest/actions/secrets/public-key type=owner
[debug] [2022-08-22T08:29:31.371Z] <<< [apiv2][status] GET https://api.github.com/repos/Elo2bear/Scandiweb-juniortest/actions/secrets/public-key 404
[debug] [2022-08-22T08:29:31.371Z] <<< [apiv2][body] GET https://api.github.com/repos/Elo2bear/Scandiweb-juniortest/actions/secrets/public-key {"message":"Not Found","documentation_url":"https://docs.github.com/rest/reference/actions#get-a-repository-public-key"}
[debug] [2022-08-22T08:29:32.485Z] >>> [apiv2][query] GET https://api.github.com/repos/Elo2bear/Scandiweb-juniortest/actions/secrets/public-key type=owner
[debug] [2022-08-22T08:29:32.972Z] >>> [apiv2][query] GET https://api.github.com/repos//actions/secrets/public-key type=owner
[debug] [2022-08-22T08:29:33.001Z] >>> [apiv2][query] GET https://api.github.com/repos//actions/secrets/public-key type=owner
[debug] [2022-08-22T08:29:33.032Z] >>> [apiv2][query] GET https://api.github.com/repos//actions/secrets/public-key type=owner
[debug] [2022-08-22T08:29:33.217Z] <<< [apiv2][status] GET https://api.github.com/repos/Elo2bear/Scandiweb-juniortest/actions/secrets/public-key 404
[debug] [2022-08-22T08:29:33.217Z] <<< [apiv2][body] GET https://api.github.com/repos/Elo2bear/Scandiweb-juniortest/actions/secrets/public-key {"message":"Not Found","documentation_url":"https://docs.github.com/rest/reference/actions#get-a-repository-public-key"}
[debug] [2022-08-22T08:29:33.880Z] <<< [apiv2][status] GET https://api.github.com/repos//actions/secrets/public-key 404
[debug] [2022-08-22T08:29:33.880Z] <<< [apiv2][body] GET https://api.github.com/repos//actions/secrets/public-key {"message":"Not Found","documentation_url":"https://docs.github.com/rest"}
[debug] [2022-08-22T08:29:33.881Z] <<< [apiv2][status] GET https://api.github.com/repos//actions/secrets/public-key 404
[debug] [2022-08-22T08:29:33.881Z] <<< [apiv2][body] GET https://api.github.com/repos//actions/secrets/public-key {"message":"Not Found","documentation_url":"https://docs.github.com/rest"}
[debug] [2022-08-22T08:29:33.881Z] <<< [apiv2][status] GET https://api.github.com/repos//actions/secrets/public-key 404
[debug] [2022-08-22T08:29:33.881Z] <<< [apiv2][body] GET https://api.github.com/repos//actions/secrets/public-key {"message":"Not Found","documentation_url":"https://docs.github.com/rest"}
